<?xml version="1.0" encoding="UTF-8"?>
<!-- Generated by org.testng.reporters.JUnitXMLReporter -->
<testsuite ignored="2" hostname="IN-IT12772" failures="0" tests="0" time="0.0" errors="0" timestamp="2024-11-27T16:42:55 IST">
  <testcase classname="com.appium.ECommerceTest1" name="filledForm_positiveFlow" time="0.0">
    <ignored/>
  </testcase> <!-- filledForm_positiveFlow -->
  <testcase classname="com.appium.ECommerceTest1" name="filledForm_errorValidation" time="0.0">
    <ignored/>
  </testcase> <!-- filledForm_errorValidation -->
</testsuite>
