<?xml version="1.0" encoding="UTF-8"?>
<!-- Generated by org.testng.reporters.JUnitXMLReporter -->
<testsuite ignored="0" hostname="IN-IT12772" failures="0" tests="2" name="Error validation Test" time="3.355" errors="0" timestamp="2024-11-28T13:03:07 IST">
  <testcase classname="com.appium.ECommerceTest1" name="@BeforeMethod preSetup" time="0.038">
    <failure type="org.openqa.selenium.WebDriverException" message="An unknown server-side error occurred while processing the command. Original error: Error executing adbExec. Original error: &amp;apos;Command &amp;apos;/Users/govind.fating/Library/Android/sdk/platform-tools/adb -P 5037 -s emulator-5554 shell am start-activity com.androidsample.generalstore/com.androidsample.generalstore.MainActivity&amp;apos; exited with code 255&amp;apos;; Command output: 
Exception occurred while executing &amp;apos;start-activity&amp;apos;:
java.lang.SecurityException: Permission Denial: starting Intent { act=android.intent.action.MAIN cat=[android.intent.category.LAUNCHER] flg=0x10000000 cmp=com.androidsample.generalstore/.MainActivity } from null (pid=24031, uid=2000) not exported from uid 10215
	at com.android.server.wm.ActivityTaskSupervisor.checkStartAnyActivityPermission(ActivityTaskSupervisor.java:1170)
	at com.android.server.wm.ActivityStarter.executeRequest(ActivityStarter.java:1118)
	at com.android.server.wm.ActivityStarter.execute(ActivityStarter.java:782)
	at com.android.server.wm.ActivityTaskManagerService.startActivityAsUser(ActivityTaskManagerService.java:1312)
	at com.android.server.wm.ActivityTaskManagerService.startActivityAsUser(ActivityTaskManagerService.java:1257)
	at com.android.server.am.ActivityManagerService.startActivityAsUserWithFeature(ActivityManagerService.java:3339)
	at com.android.server.am.ActivityManagerShellCommand.runStartActivity(ActivityManagerShellCommand.java:800)
	at com.android.server.am.ActivityManagerShellCommand.onCommand(ActivityManagerShellCommand.java:246)
	at com.android.modules.utils.BasicShellCommandHandler.exec(BasicShellCommandHandler.java:97)
	at android.os.ShellCommand.exec(ShellCommand.java:38)
	at com.android.server.am.ActivityManagerService.onShellCommand(ActivityManagerService.java:10471)
	at android.os.Binder.shellCommand(Binder.java:1230)
	at android.os.Binder.onTransact(Binder.java:1043)
	at android.app.IActivityManager$Stub.onTransact(IActivityManager.java:5675)
	at com.android.server.am.ActivityManagerService.onTransact(ActivityManagerService.java:2812)
	at android.os.Binder.execTransactInternal(Binder.java:1505)
	at android.os.Binder.execTransact(Binder.java:1444)

Build info: version: &amp;apos;4.27.0&amp;apos;, revision: &amp;apos;d6e718d134&amp;apos;
System info: os.name: &amp;apos;Mac OS X&amp;apos;, os.arch: &amp;apos;aarch64&amp;apos;, os.version: &amp;apos;14.7.1&amp;apos;, java.version: &amp;apos;11.0.21&amp;apos;
Driver info: io.appium.java_client.android.AndroidDriver
Command: [98efd1a7-d966-401f-b90e-2a4a0f888050, executeScript {script=mobile: startActivity, args=[{intent=com.androidsample.generalstore/com.androidsample.generalstore.MainActivity}]}]
Capabilities {appium:app: /Users/govind.fating/Deskto..., appium:appPackage: com.androidsample.generalstore, appium:automationName: UIAutomator2, appium:chromedriverExecutable: //Users//govind.fating//Dow..., appium:databaseEnabled: false, appium:desired: {app: /Users/govind.fating/Deskto..., automationName: UIAutomator2, chromedriverExecutable: //Users//govind.fating//Dow..., deviceName: GovindPixel_9, platformName: ANDROID}, appium:deviceApiLevel: 35, appium:deviceManufacturer: Google, appium:deviceModel: sdk_gphone64_arm64, appium:deviceName: emulator-5554, appium:deviceScreenDensity: 420, appium:deviceScreenSize: 1080x2424, appium:deviceUDID: emulator-5554, appium:javascriptEnabled: true, appium:locationContextEnabled: false, appium:networkConnectionEnabled: true, appium:pixelRatio: 2.625, appium:platformVersion: 15, appium:statBarHeight: 137, appium:takesScreenshot: true, appium:viewportRect: {height: 2287, left: 0, top: 137, width: 1080}, appium:warnings: {}, appium:webStorageEnabled: false, platformName: ANDROID}
Session ID: 98efd1a7-d966-401f-b90e-2a4a0f888050">
      <![CDATA[org.openqa.selenium.WebDriverException: An unknown server-side error occurred while processing the command. Original error: Error executing adbExec. Original error: 'Command '/Users/govind.fating/Library/Android/sdk/platform-tools/adb -P 5037 -s emulator-5554 shell am start-activity com.androidsample.generalstore/com.androidsample.generalstore.MainActivity' exited with code 255'; Command output: 
Exception occurred while executing 'start-activity':
java.lang.SecurityException: Permission Denial: starting Intent { act=android.intent.action.MAIN cat=[android.intent.category.LAUNCHER] flg=0x10000000 cmp=com.androidsample.generalstore/.MainActivity } from null (pid=24031, uid=2000) not exported from uid 10215
at com.android.server.wm.ActivityTaskSupervisor.checkStartAnyActivityPermission(ActivityTaskSupervisor.java:1170)
at com.android.server.wm.ActivityStarter.executeRequest(ActivityStarter.java:1118)
at com.android.server.wm.ActivityStarter.execute(ActivityStarter.java:782)
at com.android.server.wm.ActivityTaskManagerService.startActivityAsUser(ActivityTaskManagerService.java:1312)
at com.android.server.wm.ActivityTaskManagerService.startActivityAsUser(ActivityTaskManagerService.java:1257)
at com.android.server.am.ActivityManagerService.startActivityAsUserWithFeature(ActivityManagerService.java:3339)
at com.android.server.am.ActivityManagerShellCommand.runStartActivity(ActivityManagerShellCommand.java:800)
at com.android.server.am.ActivityManagerShellCommand.onCommand(ActivityManagerShellCommand.java:246)
at com.android.modules.utils.BasicShellCommandHandler.exec(BasicShellCommandHandler.java:97)
at android.os.ShellCommand.exec(ShellCommand.java:38)
at com.android.server.am.ActivityManagerService.onShellCommand(ActivityManagerService.java:10471)
at android.os.Binder.shellCommand(Binder.java:1230)
at android.os.Binder.onTransact(Binder.java:1043)
at android.app.IActivityManager$Stub.onTransact(IActivityManager.java:5675)
at com.android.server.am.ActivityManagerService.onTransact(ActivityManagerService.java:2812)
at android.os.Binder.execTransactInternal(Binder.java:1505)
at android.os.Binder.execTransact(Binder.java:1444)

Build info: version: '4.27.0', revision: 'd6e718d134'
System info: os.name: 'Mac OS X', os.arch: 'aarch64', os.version: '14.7.1', java.version: '11.0.21'
Driver info: io.appium.java_client.android.AndroidDriver
Command: [98efd1a7-d966-401f-b90e-2a4a0f888050, executeScript {script=mobile: startActivity, args=[{intent=com.androidsample.generalstore/com.androidsample.generalstore.MainActivity}]}]
Capabilities {appium:app: /Users/govind.fating/Deskto..., appium:appPackage: com.androidsample.generalstore, appium:automationName: UIAutomator2, appium:chromedriverExecutable: //Users//govind.fating//Dow..., appium:databaseEnabled: false, appium:desired: {app: /Users/govind.fating/Deskto..., automationName: UIAutomator2, chromedriverExecutable: //Users//govind.fating//Dow..., deviceName: GovindPixel_9, platformName: ANDROID}, appium:deviceApiLevel: 35, appium:deviceManufacturer: Google, appium:deviceModel: sdk_gphone64_arm64, appium:deviceName: emulator-5554, appium:deviceScreenDensity: 420, appium:deviceScreenSize: 1080x2424, appium:deviceUDID: emulator-5554, appium:javascriptEnabled: true, appium:locationContextEnabled: false, appium:networkConnectionEnabled: true, appium:pixelRatio: 2.625, appium:platformVersion: 15, appium:statBarHeight: 137, appium:takesScreenshot: true, appium:viewportRect: {height: 2287, left: 0, top: 137, width: 1080}, appium:warnings: {}, appium:webStorageEnabled: false, platformName: ANDROID}
Session ID: 98efd1a7-d966-401f-b90e-2a4a0f888050
at org.openqa.selenium.remote.ErrorCodec.decode(ErrorCodec.java:167)
at org.openqa.selenium.remote.codec.w3c.W3CHttpResponseCodec.decode(W3CHttpResponseCodec.java:138)
at org.openqa.selenium.remote.codec.w3c.W3CHttpResponseCodec.decode(W3CHttpResponseCodec.java:50)
at org.openqa.selenium.remote.HttpCommandExecutor.execute(HttpCommandExecutor.java:190)
at io.appium.java_client.remote.AppiumCommandExecutor.execute(AppiumCommandExecutor.java:237)
at org.openqa.selenium.remote.RemoteWebDriver.execute(RemoteWebDriver.java:545)
at org.openqa.selenium.remote.RemoteWebDriver.executeScript(RemoteWebDriver.java:476)
at com.appium.ECommerceTest1.preSetup(ECommerceTest1.java:29)
at java.base/java.util.ArrayList.forEach(ArrayList.java:1541)
... Removed 39 stack frames]]>
    </failure>
  </testcase> <!-- @BeforeMethod preSetup -->
  <testcase classname="com.appium.ECommerceTest1" name="@BeforeMethod preSetup" time="-1.73277918749E9">
    <skipped/>
  </testcase> <!-- @BeforeMethod preSetup -->
  <testcase classname="com.appium.ECommerceTest1" name="filledForm_errorValidation" time="0.0">
    <skipped/>
  </testcase> <!-- filledForm_errorValidation -->
  <testcase classname="com.appium.ECommerceTest1" name="filledForm_positiveFlow" time="0.0">
    <skipped/>
  </testcase> <!-- filledForm_positiveFlow -->
</testsuite> <!-- Error validation Test -->
